{"contracts/Raffle.sol":{"l":{"56":3,"57":3,"58":3,"59":3,"60":3,"61":3,"62":3,"63":3,"67":5,"68":1,"70":4,"71":1,"73":3,"75":3,"90":1,"91":1,"92":1,"93":1,"94":1,"100":1,"101":1,"102":0,"108":1,"109":1,"116":1,"124":0,"125":0,"126":0,"127":0,"128":0,"129":0,"130":0,"132":0,"133":0,"135":0,"140":5,"144":1,"148":0,"152":1,"156":0,"160":0,"164":0,"168":0,"172":5},"path":"/home/kevin/hh-fcc/hardhat-smartcontract-lottery/contracts/Raffle.sol","s":{"1":3,"2":3,"3":3,"4":3,"5":3,"6":3,"7":3,"8":3,"9":5,"10":4,"11":3,"12":3,"13":1,"14":1,"15":1,"16":1,"17":1,"18":1,"19":1,"20":1,"21":1,"22":1,"23":0,"24":0,"25":0,"26":0,"27":0,"28":0,"29":0,"30":0,"31":0,"32":5,"33":1,"34":0,"35":1,"36":0,"37":0,"38":0,"39":0,"40":5},"b":{"1":[1,4],"2":[1,3],"3":[0,1],"4":[0,0]},"f":{"1":3,"2":5,"3":1,"4":1,"5":0,"6":5,"7":1,"8":0,"9":1,"10":0,"11":0,"12":0,"13":0,"14":5},"fnMap":{"1":{"name":"constructor","line":55,"loc":{"start":{"line":48,"column":4},"end":{"line":64,"column":4}}},"2":{"name":"enterRaffle","line":66,"loc":{"start":{"line":66,"column":4},"end":{"line":76,"column":4}}},"3":{"name":"checkUpKeep","line":81,"loc":{"start":{"line":81,"column":4},"end":{"line":95,"column":4}}},"4":{"name":"performUpkeep","line":97,"loc":{"start":{"line":97,"column":4},"end":{"line":117,"column":4}}},"5":{"name":"fulfillRandomWords","line":119,"loc":{"start":{"line":119,"column":4},"end":{"line":136,"column":4}}},"6":{"name":"getEntranceFee","line":139,"loc":{"start":{"line":139,"column":4},"end":{"line":141,"column":4}}},"7":{"name":"getPlayer","line":143,"loc":{"start":{"line":143,"column":4},"end":{"line":145,"column":4}}},"8":{"name":"getRecentWinner","line":147,"loc":{"start":{"line":147,"column":4},"end":{"line":149,"column":4}}},"9":{"name":"getRaffleState","line":151,"loc":{"start":{"line":151,"column":4},"end":{"line":153,"column":4}}},"10":{"name":"getNumWords","line":155,"loc":{"start":{"line":155,"column":4},"end":{"line":157,"column":4}}},"11":{"name":"getNumberOfPlayers","line":159,"loc":{"start":{"line":159,"column":4},"end":{"line":161,"column":4}}},"12":{"name":"getLatestTimeStamp","line":163,"loc":{"start":{"line":163,"column":4},"end":{"line":165,"column":4}}},"13":{"name":"getRequestConfirmations","line":167,"loc":{"start":{"line":167,"column":4},"end":{"line":169,"column":4}}},"14":{"name":"getInterval","line":171,"loc":{"start":{"line":171,"column":4},"end":{"line":173,"column":4}}}},"statementMap":{"1":{"start":{"line":56,"column":8},"end":{"line":56,"column":34}},"2":{"start":{"line":57,"column":8},"end":{"line":57,"column":69}},"3":{"start":{"line":58,"column":8},"end":{"line":58,"column":26}},"4":{"start":{"line":59,"column":8},"end":{"line":59,"column":40}},"5":{"start":{"line":60,"column":8},"end":{"line":60,"column":44}},"6":{"start":{"line":61,"column":8},"end":{"line":61,"column":39}},"7":{"start":{"line":62,"column":8},"end":{"line":62,"column":40}},"8":{"start":{"line":63,"column":8},"end":{"line":63,"column":28}},"9":{"start":{"line":67,"column":8},"end":{"line":67,"column":2239}},"10":{"start":{"line":70,"column":8},"end":{"line":70,"column":2340}},"11":{"start":{"line":73,"column":8},"end":{"line":73,"column":42}},"12":{"start":{"line":75,"column":8},"end":{"line":75,"column":36}},"13":{"start":{"line":90,"column":8},"end":{"line":90,"column":57}},"14":{"start":{"line":91,"column":8},"end":{"line":91,"column":76}},"15":{"start":{"line":92,"column":8},"end":{"line":92,"column":48}},"16":{"start":{"line":93,"column":8},"end":{"line":93,"column":51}},"17":{"start":{"line":94,"column":8},"end":{"line":94,"column":72}},"18":{"start":{"line":100,"column":8},"end":{"line":100,"column":47}},"19":{"start":{"line":101,"column":8},"end":{"line":101,"column":3217}},"20":{"start":{"line":108,"column":8},"end":{"line":108,"column":46}},"21":{"start":{"line":109,"column":8},"end":{"line":109,"column":3477}},"22":{"start":{"line":116,"column":8},"end":{"line":116,"column":45}},"23":{"start":{"line":124,"column":8},"end":{"line":124,"column":65}},"24":{"start":{"line":125,"column":8},"end":{"line":125,"column":63}},"25":{"start":{"line":126,"column":8},"end":{"line":126,"column":36}},"26":{"start":{"line":127,"column":8},"end":{"line":127,"column":39}},"27":{"start":{"line":128,"column":8},"end":{"line":128,"column":43}},"28":{"start":{"line":129,"column":8},"end":{"line":129,"column":40}},"29":{"start":{"line":130,"column":8},"end":{"line":130,"column":78}},"30":{"start":{"line":132,"column":8},"end":{"line":132,"column":4292}},"31":{"start":{"line":135,"column":8},"end":{"line":135,"column":39}},"32":{"start":{"line":140,"column":8},"end":{"line":140,"column":28}},"33":{"start":{"line":144,"column":8},"end":{"line":144,"column":31}},"34":{"start":{"line":148,"column":8},"end":{"line":148,"column":29}},"35":{"start":{"line":152,"column":8},"end":{"line":152,"column":28}},"36":{"start":{"line":156,"column":8},"end":{"line":156,"column":24}},"37":{"start":{"line":160,"column":8},"end":{"line":160,"column":31}},"38":{"start":{"line":164,"column":8},"end":{"line":164,"column":30}},"39":{"start":{"line":168,"column":8},"end":{"line":168,"column":36}},"40":{"start":{"line":172,"column":8},"end":{"line":172,"column":25}}},"branchMap":{"1":{"line":67,"type":"if","locations":[{"start":{"line":67,"column":8},"end":{"line":67,"column":8}},{"start":{"line":67,"column":8},"end":{"line":67,"column":8}}]},"2":{"line":70,"type":"if","locations":[{"start":{"line":70,"column":8},"end":{"line":70,"column":8}},{"start":{"line":70,"column":8},"end":{"line":70,"column":8}}]},"3":{"line":101,"type":"if","locations":[{"start":{"line":101,"column":8},"end":{"line":101,"column":8}},{"start":{"line":101,"column":8},"end":{"line":101,"column":8}}]},"4":{"line":132,"type":"if","locations":[{"start":{"line":132,"column":8},"end":{"line":132,"column":8}},{"start":{"line":132,"column":8},"end":{"line":132,"column":8}}]}}},"contracts/test/VRFCoordinatorV2Mock.sol":{"l":{},"path":"/home/kevin/hh-fcc/hardhat-smartcontract-lottery/contracts/test/VRFCoordinatorV2Mock.sol","s":{},"b":{},"f":{},"fnMap":{},"statementMap":{},"branchMap":{}}}