TN:
SF:/home/kevin/hh-fcc/hardhat-smartcontract-lottery/contracts/Raffle.sol
FN:55,constructor
FN:66,enterRaffle
FN:81,checkUpKeep
FN:97,performUpkeep
FN:119,fulfillRandomWords
FN:139,getEntranceFee
FN:143,getPlayer
FN:147,getRecentWinner
FN:151,getRaffleState
FN:155,getNumWords
FN:159,getNumberOfPlayers
FN:163,getLatestTimeStamp
FN:167,getRequestConfirmations
FN:171,getInterval
FNF:14
FNH:8
FNDA:3,constructor
FNDA:5,enterRaffle
FNDA:1,checkUpKeep
FNDA:1,performUpkeep
FNDA:0,fulfillRandomWords
FNDA:5,getEntranceFee
FNDA:1,getPlayer
FNDA:0,getRecentWinner
FNDA:1,getRaffleState
FNDA:0,getNumWords
FNDA:0,getNumberOfPlayers
FNDA:0,getLatestTimeStamp
FNDA:0,getRequestConfirmations
FNDA:5,getInterval
DA:56,3
DA:57,3
DA:58,3
DA:59,3
DA:60,3
DA:61,3
DA:62,3
DA:63,3
DA:67,5
DA:68,1
DA:70,4
DA:71,1
DA:73,3
DA:75,3
DA:90,1
DA:91,1
DA:92,1
DA:93,1
DA:94,1
DA:100,1
DA:101,1
DA:102,0
DA:108,1
DA:109,1
DA:116,1
DA:124,0
DA:125,0
DA:126,0
DA:127,0
DA:128,0
DA:129,0
DA:130,0
DA:132,0
DA:133,0
DA:135,0
DA:140,5
DA:144,1
DA:148,0
DA:152,1
DA:156,0
DA:160,0
DA:164,0
DA:168,0
DA:172,5
LF:44
LH:28
BRDA:67,1,0,1
BRDA:67,1,1,4
BRDA:70,2,0,1
BRDA:70,2,1,3
BRDA:101,3,0,0
BRDA:101,3,1,1
BRDA:132,4,0,0
BRDA:132,4,1,0
BRF:8
BRH:5
end_of_record
TN:
SF:/home/kevin/hh-fcc/hardhat-smartcontract-lottery/contracts/test/VRFCoordinatorV2Mock.sol
FNF:0
FNH:0
LF:0
LH:0
BRF:0
BRH:0
end_of_record
